#
# A fatal error has been detected by the Java Runtime Environment:
#
#  SIGSEGV (0xb) at pc=0x00007f98f927460f, pid=11129, tid=11171
#
# JRE version: OpenJDK Runtime Environment AdoptOpenJDK (11.0.8+10) (build 11.0.8+10)
# Java VM: OpenJDK 64-Bit Server VM AdoptOpenJDK (11.0.8+10, mixed mode, tiered, compressed oops, g1 gc, linux-amd64)
# Problematic frame:
# C  [libopencv_imgcodecs.so.3.4+0xa60f]  cv::imdecode_(cv::Mat const&, int, int, cv::Mat*)+0x38f
#
# Core dump will be written. Default location: Core dumps may be processed with "/usr/share/apport/apport %p %s %c %d %P %E" (or dumping to /home/silicasandwhich/projects/team3487/AWing/core.11129)
#
# If you would like to submit a bug report, please visit:
#   https://github.com/AdoptOpenJDK/openjdk-support/issues
# The crash happened outside the Java Virtual Machine in native code.
# See problematic frame for where to report the bug.
#

---------------  S U M M A R Y ------------

Command Line: -agentlib:jdwp=transport=dt_socket,server=n,suspend=y,address=localhost:33115 -Djava.library.path=/home/silicasandwhich/projects/team3487/AWing/build/tmp/jniExtractDir -Dfile.encoding=UTF-8 frc.robot.Main

Host: 